{"/Users/twinb00595210/Desktop/Cathay/TDD/tdd_10/budgetDB.ts": {"path":"/Users/twinb00595210/Desktop/Cathay/TDD/tdd_10/budgetDB.ts","statementMap":{"0":{"start":{"line":3,"column":13},"end":{"line":3,"column":30}},"1":{"start":{"line":4,"column":13},"end":{"line":4,"column":27}},"2":{"start":{"line":1,"column":0},"end":{"line":1,"column":13}},"3":{"start":{"line":8,"column":13},"end":{"line":21,"column":null}}},"fnMap":{"0":{"name":"(anonymous_0)","decl":{"start":{"line":2,"column":4},"end":{"line":2,"column":null}},"loc":{"start":{"line":4,"column":27},"end":{"line":5,"column":8}}}},"branchMap":{},"s":{"0":12,"1":12,"2":1,"3":1},"f":{"0":12},"b":{}}
,"/Users/twinb00595210/Desktop/Cathay/TDD/tdd_10/budgetService.ts": {"path":"/Users/twinb00595210/Desktop/Cathay/TDD/tdd_10/budgetService.ts","statementMap":{"0":{"start":{"line":2,"column":0},"end":{"line":2,"column":26}},"1":{"start":{"line":5,"column":4},"end":{"line":5,"column":24}},"2":{"start":{"line":8,"column":8},"end":{"line":8,"column":31}},"3":{"start":{"line":13,"column":8},"end":{"line":13,"column":55}},"4":{"start":{"line":13,"column":46},"end":{"line":13,"column":55}},"5":{"start":{"line":15,"column":26},"end":{"line":15,"column":38}},"6":{"start":{"line":16,"column":31},"end":{"line":16,"column":60}},"7":{"start":{"line":17,"column":24},"end":{"line":17,"column":34}},"8":{"start":{"line":18,"column":29},"end":{"line":18,"column":56}},"9":{"start":{"line":21,"column":22},"end":{"line":21,"column":157}},"10":{"start":{"line":21,"column":49},"end":{"line":21,"column":156}},"11":{"start":{"line":24,"column":29},"end":{"line":24,"column":84}},"12":{"start":{"line":24,"column":50},"end":{"line":24,"column":83}},"13":{"start":{"line":26,"column":27},"end":{"line":26,"column":80}},"14":{"start":{"line":26,"column":48},"end":{"line":26,"column":79}},"15":{"start":{"line":28,"column":8},"end":{"line":28,"column":50}},"16":{"start":{"line":28,"column":41},"end":{"line":28,"column":50}},"17":{"start":{"line":31,"column":25},"end":{"line":31,"column":78}},"18":{"start":{"line":31,"column":55},"end":{"line":31,"column":74}},"19":{"start":{"line":34,"column":8},"end":{"line":36,"column":null}},"20":{"start":{"line":35,"column":12},"end":{"line":35,"column":66}},"21":{"start":{"line":39,"column":37},"end":{"line":39,"column":75}},"22":{"start":{"line":41,"column":35},"end":{"line":41,"column":78}},"23":{"start":{"line":44,"column":34},"end":{"line":44,"column":68}},"24":{"start":{"line":46,"column":33},"end":{"line":46,"column":79}},"25":{"start":{"line":49,"column":28},"end":{"line":49,"column":106}},"26":{"start":{"line":52,"column":26},"end":{"line":52,"column":98}},"27":{"start":{"line":54,"column":22},"end":{"line":54,"column":56}},"28":{"start":{"line":56,"column":8},"end":{"line":56,"column":21}},"29":{"start":{"line":60,"column":8},"end":{"line":60,"column":25}},"30":{"start":{"line":4,"column":0},"end":{"line":4,"column":13}}},"fnMap":{"0":{"name":"(anonymous_1)","decl":{"start":{"line":7,"column":4},"end":{"line":7,"column":16}},"loc":{"start":{"line":7,"column":36},"end":{"line":9,"column":5}}},"1":{"name":"(anonymous_2)","decl":{"start":{"line":11,"column":4},"end":{"line":11,"column":15}},"loc":{"start":{"line":11,"column":42},"end":{"line":57,"column":5}}},"2":{"name":"(anonymous_3)","decl":{"start":{"line":21,"column":39},"end":{"line":21,"column":40}},"loc":{"start":{"line":21,"column":49},"end":{"line":21,"column":156}}},"3":{"name":"(anonymous_4)","decl":{"start":{"line":24,"column":40},"end":{"line":24,"column":41}},"loc":{"start":{"line":24,"column":50},"end":{"line":24,"column":83}}},"4":{"name":"(anonymous_5)","decl":{"start":{"line":26,"column":38},"end":{"line":26,"column":39}},"loc":{"start":{"line":26,"column":48},"end":{"line":26,"column":79}}},"5":{"name":"(anonymous_6)","decl":{"start":{"line":31,"column":38},"end":{"line":31,"column":39}},"loc":{"start":{"line":31,"column":55},"end":{"line":31,"column":74}}},"6":{"name":"(anonymous_7)","decl":{"start":{"line":59,"column":4},"end":{"line":59,"column":10}},"loc":{"start":{"line":59,"column":10},"end":{"line":61,"column":5}}}},"branchMap":{"0":{"loc":{"start":{"line":13,"column":8},"end":{"line":13,"column":55}},"type":"if","locations":[{"start":{"line":13,"column":8},"end":{"line":13,"column":55}}]},"1":{"loc":{"start":{"line":21,"column":49},"end":{"line":21,"column":156}},"type":"binary-expr","locations":[{"start":{"line":21,"column":49},"end":{"line":21,"column":101}},{"start":{"line":21,"column":106},"end":{"line":21,"column":156}}]},"2":{"loc":{"start":{"line":28,"column":8},"end":{"line":28,"column":50}},"type":"if","locations":[{"start":{"line":28,"column":8},"end":{"line":28,"column":50}}]},"3":{"loc":{"start":{"line":28,"column":11},"end":{"line":28,"column":39}},"type":"binary-expr","locations":[{"start":{"line":28,"column":11},"end":{"line":28,"column":24}},{"start":{"line":28,"column":28},"end":{"line":28,"column":39}}]},"4":{"loc":{"start":{"line":34,"column":8},"end":{"line":36,"column":null}},"type":"if","locations":[{"start":{"line":34,"column":8},"end":{"line":36,"column":null}}]}},"s":{"0":1,"1":4,"2":4,"3":4,"4":1,"5":3,"6":3,"7":3,"8":3,"9":3,"10":36,"11":3,"12":3,"13":3,"14":6,"15":3,"16":0,"17":3,"18":6,"19":3,"20":1,"21":2,"22":2,"23":2,"24":2,"25":2,"26":2,"27":2,"28":2,"29":0,"30":1},"f":{"0":4,"1":4,"2":36,"3":3,"4":6,"5":6,"6":0},"b":{"0":[1],"1":[36,22],"2":[0],"3":[3,3],"4":[1]}}
}
