TN:
SF:budgetDB.ts
FN:2,(anonymous_0)
FNF:1
FNH:1
FNDA:12,(anonymous_0)
DA:1,1
DA:3,12
DA:4,12
DA:8,1
LF:4
LH:4
BRF:0
BRH:0
end_of_record
TN:
SF:budgetService.ts
FN:7,(anonymous_1)
FN:11,(anonymous_2)
FN:21,(anonymous_3)
FN:23,(anonymous_4)
FN:36,(anonymous_5)
FN:38,(anonymous_6)
FN:56,(anonymous_7)
FNF:7
FNH:6
FNDA:4,(anonymous_1)
FNDA:4,(anonymous_2)
FNDA:36,(anonymous_3)
FNDA:6,(anonymous_4)
FNDA:3,(anonymous_5)
FNDA:6,(anonymous_6)
FNDA:0,(anonymous_7)
DA:2,1
DA:4,1
DA:5,4
DA:8,4
DA:12,4
DA:13,4
DA:14,4
DA:15,4
DA:18,4
DA:21,36
DA:23,6
DA:26,3
DA:28,3
DA:31,3
DA:33,3
DA:36,3
DA:38,6
DA:40,3
DA:43,3
DA:44,1
DA:47,2
DA:49,2
DA:51,2
DA:53,2
DA:57,0
LF:25
LH:24
BRDA:18,0,0,1
BRDA:21,1,0,36
BRDA:21,1,1,22
BRDA:40,2,0,0
BRDA:40,3,0,3
BRDA:40,3,1,3
BRDA:43,4,0,1
BRF:7
BRH:6
end_of_record
